<?xml version="1.0" encoding="UTF-8"?>
<Site BuildName="(empty)"
	BuildStamp="20240719-0551-Experimental"
	Name="(empty)"
	Generator="ctest-3.30.0-rc4"
	CompilerName=""
	CompilerVersion=""
	OSName="Linux"
	Hostname="optix"
	OSRelease="5.15.0-1067-azure"
	OSVersion="#76~20.04.1-Ubuntu SMP Thu Jun 13 18:00:23 UTC 2024"
	OSPlatform="x86_64"
	Is64Bits="1"
	VendorString="AuthenticAMD"
	VendorID="Advanced Micro Devices"
	FamilyID="23"
	ModelID="49"
	ProcessorCacheSize="512"
	NumberOfLogicalCPU="4"
	NumberOfPhysicalCPU="4"
	TotalVirtualMemory="0"
	TotalPhysicalMemory="28012"
	LogicalProcessorsPerPhysical="1"
	ProcessorClockFrequency="3207.37"
	>
	<Testing>
		<StartDateTime>Jul 19 05:51 UTC</StartDateTime>
		<StartTestTime>1721368317</StartTestTime>
		<TestList/>
		<EndDateTime>Jul 19 05:51 UTC</EndDateTime>
		<EndTestTime>1721368317</EndTestTime>
		<ElapsedMinutes>0</ElapsedMinutes>
	</Testing>
</Site>
